app/build/intermediates/manifest_merge_blame_file/debug/manifest-merger-blame-debug-report.txt
1<?xml version="1.0" encoding="utf-8"?>
2<!--
3  ~ Copyright 2020 The Android Open Source Project
4  ~
5  ~ Licensed under the Apache License, Version 2.0 (the "License");
6  ~ you may not use this file except in compliance with the License.
7  ~ You may obtain a copy of the License at
8  ~
9  ~     https://www.apache.org/licenses/LICENSE-2.0
10  ~
11  ~ Unless required by applicable law or agreed to in writing, software
12  ~ distributed under the License is distributed on an "AS IS" BASIS,
13  ~ WITHOUT WARRANTIES OR CONDITIONS OF ANY KIND, either express or implied.
14  ~ See the License for the specific language governing permissions and
15  ~ limitations under the License.
16-->
17<manifest xmlns:android="http://schemas.android.com/apk/res/android"
18    package="com.android.example.camera2.video"
19    android:versionCode="1"
20    android:versionName="1.0.0" >
21
22    <uses-sdk
23        android:minSdkVersion="23"
23-->src\main\AndroidManifest.xml
24        android:targetSdkVersion="29" />
24-->src\main\AndroidManifest.xml
25
26    <!-- Permission declarations -->
27    <uses-permission android:name="android.permission.CAMERA" />
27-->src\main\AndroidManifest.xml:21:5-65
27-->src\main\AndroidManifest.xml:21:22-62
28    <uses-permission android:name="android.permission.RECORD_AUDIO" />
28-->src\main\AndroidManifest.xml:22:5-71
28-->src\main\AndroidManifest.xml:22:22-68
29    <uses-permission android:name="android.permission.INTERNET" />
29-->src\main\AndroidManifest.xml:23:5-67
29-->src\main\AndroidManifest.xml:23:22-64
30    <uses-permission android:name="android.permission.ACCESS_NETWORK_STATE" />
30-->src\main\AndroidManifest.xml:24:5-79
30-->src\main\AndroidManifest.xml:24:22-76
31
32    <!-- A camera with burst capability is required to use this application -->
33    <uses-feature android:name="android.hardware.camera.any" />
33-->src\main\AndroidManifest.xml:27:5-64
33-->src\main\AndroidManifest.xml:27:19-61
34
35    <application
35-->src\main\AndroidManifest.xml:29:5-59:19
36        android:allowBackup="true"
36-->src\main\AndroidManifest.xml:30:9-35
37        android:appComponentFactory="androidx.core.app.CoreComponentFactory"
37-->[androidx.core:core:1.2.0] AndroidManifest.xml:24:18-86
38        android:debuggable="true"
39        android:extractNativeLibs="false"
40        android:icon="@drawable/ic_launcher"
40-->src\main\AndroidManifest.xml:31:9-45
41        android:label="@string/app_name"
41-->src\main\AndroidManifest.xml:32:9-41
42        android:testOnly="true" >
43        <activity
43-->src\main\AndroidManifest.xml:35:9-46:20
44            android:name="com.example.android.camera2.video.CameraActivity"
44-->src\main\AndroidManifest.xml:36:13-76
45            android:clearTaskOnLaunch="true"
45-->src\main\AndroidManifest.xml:37:13-45
46            android:theme="@style/AppTheme" >
46-->src\main\AndroidManifest.xml:38:13-44
47
48            <!-- Main app intent filter -->
49            <intent-filter>
49-->src\main\AndroidManifest.xml:41:13-44:29
50                <action android:name="android.intent.action.MAIN" />
50-->src\main\AndroidManifest.xml:42:17-69
50-->src\main\AndroidManifest.xml:42:25-66
51
52                <category android:name="android.intent.category.LAUNCHER" />
52-->src\main\AndroidManifest.xml:43:17-77
52-->src\main\AndroidManifest.xml:43:27-74
53            </intent-filter>
54        </activity>
55
56        <!-- FileProvider used to share media with other apps -->
57        <provider
58            android:name="androidx.core.content.FileProvider"
58-->src\main\AndroidManifest.xml:50:13-62
59            android:authorities="com.android.example.camera2.video.provider"
59-->src\main\AndroidManifest.xml:51:13-60
60            android:exported="false"
60-->src\main\AndroidManifest.xml:52:13-37
61            android:grantUriPermissions="true" >
61-->src\main\AndroidManifest.xml:53:13-47
62            <meta-data
62-->src\main\AndroidManifest.xml:54:13-56:54
63                android:name="android.support.FILE_PROVIDER_PATHS"
63-->src\main\AndroidManifest.xml:55:17-67
64                android:resource="@xml/file_paths" />
64-->src\main\AndroidManifest.xml:56:17-51
65        </provider>
66    </application>
67
68</manifest>